<?xml version="1.0" encoding="UTF-8"?>
<!-- Generated by org.testng.reporters.JUnitReportReporter -->
<testsuite hostname="LT050N" failures="0" tests="2" name="testCases.demoTest" time="8.333" errors="0" timestamp="2023-02-13T14:00:58 EET" skipped="0">
  <testcase classname="testCases.demoTest" name="verifyTitle" time="2.785"/>
  <system-out/>
  <testcase classname="testCases.demoTest" name="verifyCalculator" time="5.548"/>
  <system-out/>
</testsuite> <!-- testCases.demoTest -->
